*** Installation started 2016/06/10 09:26 ***
Source: \\vmware-host\Shared Folders\Downloads\nltk-3.2.1.win32.exe
999 Root Key: HKEY_LOCAL_MACHINE
040 Reg DB Value: [Software\Microsoft\Windows\CurrentVersion\Uninstall\nltk-py2.7]DisplayName=Python 2.7 nltk-3.2.1
040 Reg DB Value: [Software\Microsoft\Windows\CurrentVersion\Uninstall\nltk-py2.7]UninstallString="C:\Python27\Removenltk.exe" -u "C:\Python27\nltk-wininst.log"
100 Made Dir: C:\Python27\Lib\site-packages\nltk
200 File Copy: C:\Python27\Lib\site-packages\nltk\__init__.py
200 File Copy: C:\Python27\Lib\site-packages\nltk\book.py
200 File Copy: C:\Python27\Lib\site-packages\nltk\collocations.py
200 File Copy: C:\Python27\Lib\site-packages\nltk\compat.py
200 File Copy: C:\Python27\Lib\site-packages\nltk\data.py
200 File Copy: C:\Python27\Lib\site-packages\nltk\decorators.py
200 File Copy: C:\Python27\Lib\site-packages\nltk\downloader.py
200 File Copy: C:\Python27\Lib\site-packages\nltk\featstruct.py
200 File Copy: C:\Python27\Lib\site-packages\nltk\grammar.py
200 File Copy: C:\Python27\Lib\site-packages\nltk\help.py
200 File Copy: C:\Python27\Lib\site-packages\nltk\internals.py
200 File Copy: C:\Python27\Lib\site-packages\nltk\jsontags.py
200 File Copy: C:\Python27\Lib\site-packages\nltk\lazyimport.py
200 File Copy: C:\Python27\Lib\site-packages\nltk\probability.py
200 File Copy: C:\Python27\Lib\site-packages\nltk\six.py
200 File Copy: C:\Python27\Lib\site-packages\nltk\text.py
200 File Copy: C:\Python27\Lib\site-packages\nltk\tgrep.py
200 File Copy: C:\Python27\Lib\site-packages\nltk\toolbox.py
200 File Copy: C:\Python27\Lib\site-packages\nltk\tree.py
200 File Copy: C:\Python27\Lib\site-packages\nltk\treeprettyprinter.py
200 File Copy: C:\Python27\Lib\site-packages\nltk\treetransforms.py
200 File Copy: C:\Python27\Lib\site-packages\nltk\util.py
200 File Copy: C:\Python27\Lib\site-packages\nltk\VERSION
200 File Copy: C:\Python27\Lib\site-packages\nltk\wsd.py
100 Made Dir: C:\Python27\Lib\site-packages\nltk\app
200 File Copy: C:\Python27\Lib\site-packages\nltk\app\__init__.py
200 File Copy: C:\Python27\Lib\site-packages\nltk\app\chartparser_app.py
200 File Copy: C:\Python27\Lib\site-packages\nltk\app\chunkparser_app.py
200 File Copy: C:\Python27\Lib\site-packages\nltk\app\collocations_app.py
200 File Copy: C:\Python27\Lib\site-packages\nltk\app\concordance_app.py
200 File Copy: C:\Python27\Lib\site-packages\nltk\app\nemo_app.py
200 File Copy: C:\Python27\Lib\site-packages\nltk\app\rdparser_app.py
200 File Copy: C:\Python27\Lib\site-packages\nltk\app\srparser_app.py
200 File Copy: C:\Python27\Lib\site-packages\nltk\app\wordfreq_app.py
200 File Copy: C:\Python27\Lib\site-packages\nltk\app\wordnet_app.py
100 Made Dir: C:\Python27\Lib\site-packages\nltk\ccg
200 File Copy: C:\Python27\Lib\site-packages\nltk\ccg\__init__.py
200 File Copy: C:\Python27\Lib\site-packages\nltk\ccg\api.py
200 File Copy: C:\Python27\Lib\site-packages\nltk\ccg\chart.py
200 File Copy: C:\Python27\Lib\site-packages\nltk\ccg\combinator.py
200 File Copy: C:\Python27\Lib\site-packages\nltk\ccg\lexicon.py
200 File Copy: C:\Python27\Lib\site-packages\nltk\ccg\logic.py
100 Made Dir: C:\Python27\Lib\site-packages\nltk\chat
200 File Copy: C:\Python27\Lib\site-packages\nltk\chat\__init__.py
200 File Copy: C:\Python27\Lib\site-packages\nltk\chat\eliza.py
200 File Copy: C:\Python27\Lib\site-packages\nltk\chat\iesha.py
200 File Copy: C:\Python27\Lib\site-packages\nltk\chat\rude.py
200 File Copy: C:\Python27\Lib\site-packages\nltk\chat\suntsu.py
200 File Copy: C:\Python27\Lib\site-packages\nltk\chat\util.py
200 File Copy: C:\Python27\Lib\site-packages\nltk\chat\zen.py
100 Made Dir: C:\Python27\Lib\site-packages\nltk\chunk
200 File Copy: C:\Python27\Lib\site-packages\nltk\chunk\__init__.py
200 File Copy: C:\Python27\Lib\site-packages\nltk\chunk\api.py
200 File Copy: C:\Python27\Lib\site-packages\nltk\chunk\named_entity.py
200 File Copy: C:\Python27\Lib\site-packages\nltk\chunk\regexp.py
200 File Copy: C:\Python27\Lib\site-packages\nltk\chunk\util.py
100 Made Dir: C:\Python27\Lib\site-packages\nltk\classify
200 File Copy: C:\Python27\Lib\site-packages\nltk\classify\__init__.py
200 File Copy: C:\Python27\Lib\site-packages\nltk\classify\api.py
200 File Copy: C:\Python27\Lib\site-packages\nltk\classify\decisiontree.py
200 File Copy: C:\Python27\Lib\site-packages\nltk\classify\maxent.py
200 File Copy: C:\Python27\Lib\site-packages\nltk\classify\megam.py
200 File Copy: C:\Python27\Lib\site-packages\nltk\classify\naivebayes.py
200 File Copy: C:\Python27\Lib\site-packages\nltk\classify\positivenaivebayes.py
200 File Copy: C:\Python27\Lib\site-packages\nltk\classify\rte_classify.py
200 File Copy: C:\Python27\Lib\site-packages\nltk\classify\scikitlearn.py
200 File Copy: C:\Python27\Lib\site-packages\nltk\classify\senna.py
200 File Copy: C:\Python27\Lib\site-packages\nltk\classify\svm.py
200 File Copy: C:\Python27\Lib\site-packages\nltk\classify\tadm.py
200 File Copy: C:\Python27\Lib\site-packages\nltk\classify\textcat.py
200 File Copy: C:\Python27\Lib\site-packages\nltk\classify\util.py
200 File Copy: C:\Python27\Lib\site-packages\nltk\classify\weka.py
100 Made Dir: C:\Python27\Lib\site-packages\nltk\cluster
200 File Copy: C:\Python27\Lib\site-packages\nltk\cluster\__init__.py
200 File Copy: C:\Python27\Lib\site-packages\nltk\cluster\api.py
200 File Copy: C:\Python27\Lib\site-packages\nltk\cluster\em.py
200 File Copy: C:\Python27\Lib\site-packages\nltk\cluster\gaac.py
200 File Copy: C:\Python27\Lib\site-packages\nltk\cluster\kmeans.py
200 File Copy: C:\Python27\Lib\site-packages\nltk\cluster\util.py
100 Made Dir: C:\Python27\Lib\site-packages\nltk\corpus
200 File Copy: C:\Python27\Lib\site-packages\nltk\corpus\__init__.py
200 File Copy: C:\Python27\Lib\site-packages\nltk\corpus\europarl_raw.py
200 File Copy: C:\Python27\Lib\site-packages\nltk\corpus\util.py
100 Made Dir: C:\Python27\Lib\site-packages\nltk\corpus\reader
200 File Copy: C:\Python27\Lib\site-packages\nltk\corpus\reader\__init__.py
200 File Copy: C:\Python27\Lib\site-packages\nltk\corpus\reader\aligned.py
200 File Copy: C:\Python27\Lib\site-packages\nltk\corpus\reader\api.py
200 File Copy: C:\Python27\Lib\site-packages\nltk\corpus\reader\bnc.py
200 File Copy: C:\Python27\Lib\site-packages\nltk\corpus\reader\bracket_parse.py
200 File Copy: C:\Python27\Lib\site-packages\nltk\corpus\reader\categorized_sents.py
200 File Copy: C:\Python27\Lib\site-packages\nltk\corpus\reader\chasen.py
200 File Copy: C:\Python27\Lib\site-packages\nltk\corpus\reader\childes.py
200 File Copy: C:\Python27\Lib\site-packages\nltk\corpus\reader\chunked.py
200 File Copy: C:\Python27\Lib\site-packages\nltk\corpus\reader\cmudict.py
200 File Copy: C:\Python27\Lib\site-packages\nltk\corpus\reader\comparative_sents.py
200 File Copy: C:\Python27\Lib\site-packages\nltk\corpus\reader\conll.py
200 File Copy: C:\Python27\Lib\site-packages\nltk\corpus\reader\crubadan.py
200 File Copy: C:\Python27\Lib\site-packages\nltk\corpus\reader\dependency.py
200 File Copy: C:\Python27\Lib\site-packages\nltk\corpus\reader\framenet.py
200 File Copy: C:\Python27\Lib\site-packages\nltk\corpus\reader\ieer.py
200 File Copy: C:\Python27\Lib\site-packages\nltk\corpus\reader\indian.py
200 File Copy: C:\Python27\Lib\site-packages\nltk\corpus\reader\ipipan.py
200 File Copy: C:\Python27\Lib\site-packages\nltk\corpus\reader\knbc.py
200 File Copy: C:\Python27\Lib\site-packages\nltk\corpus\reader\lin.py
200 File Copy: C:\Python27\Lib\site-packages\nltk\corpus\reader\mte.py
200 File Copy: C:\Python27\Lib\site-packages\nltk\corpus\reader\nkjp.py
200 File Copy: C:\Python27\Lib\site-packages\nltk\corpus\reader\nombank.py
200 File Copy: C:\Python27\Lib\site-packages\nltk\corpus\reader\nps_chat.py
200 File Copy: C:\Python27\Lib\site-packages\nltk\corpus\reader\opinion_lexicon.py
200 File Copy: C:\Python27\Lib\site-packages\nltk\corpus\reader\panlex_lite.py
200 File Copy: C:\Python27\Lib\site-packages\nltk\corpus\reader\pl196x.py
200 File Copy: C:\Python27\Lib\site-packages\nltk\corpus\reader\plaintext.py
200 File Copy: C:\Python27\Lib\site-packages\nltk\corpus\reader\ppattach.py
200 File Copy: C:\Python27\Lib\site-packages\nltk\corpus\reader\propbank.py
200 File Copy: C:\Python27\Lib\site-packages\nltk\corpus\reader\pros_cons.py
200 File Copy: C:\Python27\Lib\site-packages\nltk\corpus\reader\reviews.py
200 File Copy: C:\Python27\Lib\site-packages\nltk\corpus\reader\rte.py
200 File Copy: C:\Python27\Lib\site-packages\nltk\corpus\reader\semcor.py
200 File Copy: C:\Python27\Lib\site-packages\nltk\corpus\reader\senseval.py
200 File Copy: C:\Python27\Lib\site-packages\nltk\corpus\reader\sentiwordnet.py
200 File Copy: C:\Python27\Lib\site-packages\nltk\corpus\reader\sinica_treebank.py
200 File Copy: C:\Python27\Lib\site-packages\nltk\corpus\reader\string_category.py
200 File Copy: C:\Python27\Lib\site-packages\nltk\corpus\reader\switchboard.py
200 File Copy: C:\Python27\Lib\site-packages\nltk\corpus\reader\tagged.py
200 File Copy: C:\Python27\Lib\site-packages\nltk\corpus\reader\timit.py
200 File Copy: C:\Python27\Lib\site-packages\nltk\corpus\reader\toolbox.py
200 File Copy: C:\Python27\Lib\site-packages\nltk\corpus\reader\twitter.py
200 File Copy: C:\Python27\Lib\site-packages\nltk\corpus\reader\udhr.py
200 File Copy: C:\Python27\Lib\site-packages\nltk\corpus\reader\util.py
200 File Copy: C:\Python27\Lib\site-packages\nltk\corpus\reader\verbnet.py
200 File Copy: C:\Python27\Lib\site-packages\nltk\corpus\reader\wordlist.py
200 File Copy: C:\Python27\Lib\site-packages\nltk\corpus\reader\wordnet.py
200 File Copy: C:\Python27\Lib\site-packages\nltk\corpus\reader\xmldocs.py
200 File Copy: C:\Python27\Lib\site-packages\nltk\corpus\reader\ycoe.py
100 Made Dir: C:\Python27\Lib\site-packages\nltk\draw
200 File Copy: C:\Python27\Lib\site-packages\nltk\draw\__init__.py
200 File Copy: C:\Python27\Lib\site-packages\nltk\draw\cfg.py
200 File Copy: C:\Python27\Lib\site-packages\nltk\draw\dispersion.py
200 File Copy: C:\Python27\Lib\site-packages\nltk\draw\table.py
200 File Copy: C:\Python27\Lib\site-packages\nltk\draw\tree.py
200 File Copy: C:\Python27\Lib\site-packages\nltk\draw\util.py
100 Made Dir: C:\Python27\Lib\site-packages\nltk\inference
200 File Copy: C:\Python27\Lib\site-packages\nltk\inference\__init__.py
200 File Copy: C:\Python27\Lib\site-packages\nltk\inference\api.py
200 File Copy: C:\Python27\Lib\site-packages\nltk\inference\discourse.py
200 File Copy: C:\Python27\Lib\site-packages\nltk\inference\mace.py
200 File Copy: C:\Python27\Lib\site-packages\nltk\inference\nonmonotonic.py
200 File Copy: C:\Python27\Lib\site-packages\nltk\inference\prover9.py
200 File Copy: C:\Python27\Lib\site-packages\nltk\inference\resolution.py
200 File Copy: C:\Python27\Lib\site-packages\nltk\inference\tableau.py
100 Made Dir: C:\Python27\Lib\site-packages\nltk\metrics
200 File Copy: C:\Python27\Lib\site-packages\nltk\metrics\__init__.py
200 File Copy: C:\Python27\Lib\site-packages\nltk\metrics\agreement.py
200 File Copy: C:\Python27\Lib\site-packages\nltk\metrics\association.py
200 File Copy: C:\Python27\Lib\site-packages\nltk\metrics\confusionmatrix.py
200 File Copy: C:\Python27\Lib\site-packages\nltk\metrics\distance.py
200 File Copy: C:\Python27\Lib\site-packages\nltk\metrics\paice.py
200 File Copy: C:\Python27\Lib\site-packages\nltk\metrics\scores.py
200 File Copy: C:\Python27\Lib\site-packages\nltk\metrics\segmentation.py
200 File Copy: C:\Python27\Lib\site-packages\nltk\metrics\spearman.py
100 Made Dir: C:\Python27\Lib\site-packages\nltk\misc
200 File Copy: C:\Python27\Lib\site-packages\nltk\misc\__init__.py
200 File Copy: C:\Python27\Lib\site-packages\nltk\misc\babelfish.py
200 File Copy: C:\Python27\Lib\site-packages\nltk\misc\chomsky.py
200 File Copy: C:\Python27\Lib\site-packages\nltk\misc\minimalset.py
200 File Copy: C:\Python27\Lib\site-packages\nltk\misc\sort.py
200 File Copy: C:\Python27\Lib\site-packages\nltk\misc\wordfinder.py
100 Made Dir: C:\Python27\Lib\site-packages\nltk\parse
200 File Copy: C:\Python27\Lib\site-packages\nltk\parse\__init__.py
200 File Copy: C:\Python27\Lib\site-packages\nltk\parse\api.py
200 File Copy: C:\Python27\Lib\site-packages\nltk\parse\bllip.py
200 File Copy: C:\Python27\Lib\site-packages\nltk\parse\chart.py
200 File Copy: C:\Python27\Lib\site-packages\nltk\parse\dependencygraph.py
200 File Copy: C:\Python27\Lib\site-packages\nltk\parse\earleychart.py
200 File Copy: C:\Python27\Lib\site-packages\nltk\parse\evaluate.py
200 File Copy: C:\Python27\Lib\site-packages\nltk\parse\featurechart.py
200 File Copy: C:\Python27\Lib\site-packages\nltk\parse\generate.py
200 File Copy: C:\Python27\Lib\site-packages\nltk\parse\malt.py
200 File Copy: C:\Python27\Lib\site-packages\nltk\parse\nonprojectivedependencyparser.py
200 File Copy: C:\Python27\Lib\site-packages\nltk\parse\pchart.py
200 File Copy: C:\Python27\Lib\site-packages\nltk\parse\projectivedependencyparser.py
200 File Copy: C:\Python27\Lib\site-packages\nltk\parse\recursivedescent.py
200 File Copy: C:\Python27\Lib\site-packages\nltk\parse\shiftreduce.py
200 File Copy: C:\Python27\Lib\site-packages\nltk\parse\stanford.py
200 File Copy: C:\Python27\Lib\site-packages\nltk\parse\transitionparser.py
200 File Copy: C:\Python27\Lib\site-packages\nltk\parse\util.py
200 File Copy: C:\Python27\Lib\site-packages\nltk\parse\viterbi.py
100 Made Dir: C:\Python27\Lib\site-packages\nltk\sem
200 File Copy: C:\Python27\Lib\site-packages\nltk\sem\__init__.py
200 File Copy: C:\Python27\Lib\site-packages\nltk\sem\boxer.py
200 File Copy: C:\Python27\Lib\site-packages\nltk\sem\chat80.py
200 File Copy: C:\Python27\Lib\site-packages\nltk\sem\cooper_storage.py
200 File Copy: C:\Python27\Lib\site-packages\nltk\sem\drt.py
200 File Copy: C:\Python27\Lib\site-packages\nltk\sem\drt_glue_demo.py
200 File Copy: C:\Python27\Lib\site-packages\nltk\sem\evaluate.py
200 File Copy: C:\Python27\Lib\site-packages\nltk\sem\glue.py
200 File Copy: C:\Python27\Lib\site-packages\nltk\sem\hole.py
200 File Copy: C:\Python27\Lib\site-packages\nltk\sem\lfg.py
200 File Copy: C:\Python27\Lib\site-packages\nltk\sem\linearlogic.py
200 File Copy: C:\Python27\Lib\site-packages\nltk\sem\logic.py
200 File Copy: C:\Python27\Lib\site-packages\nltk\sem\relextract.py
200 File Copy: C:\Python27\Lib\site-packages\nltk\sem\skolemize.py
200 File Copy: C:\Python27\Lib\site-packages\nltk\sem\util.py
100 Made Dir: C:\Python27\Lib\site-packages\nltk\sentiment
200 File Copy: C:\Python27\Lib\site-packages\nltk\sentiment\__init__.py
200 File Copy: C:\Python27\Lib\site-packages\nltk\sentiment\sentiment_analyzer.py
200 File Copy: C:\Python27\Lib\site-packages\nltk\sentiment\util.py
200 File Copy: C:\Python27\Lib\site-packages\nltk\sentiment\vader.py
100 Made Dir: C:\Python27\Lib\site-packages\nltk\stem
200 File Copy: C:\Python27\Lib\site-packages\nltk\stem\__init__.py
200 File Copy: C:\Python27\Lib\site-packages\nltk\stem\api.py
200 File Copy: C:\Python27\Lib\site-packages\nltk\stem\isri.py
200 File Copy: C:\Python27\Lib\site-packages\nltk\stem\lancaster.py
200 File Copy: C:\Python27\Lib\site-packages\nltk\stem\porter.py
200 File Copy: C:\Python27\Lib\site-packages\nltk\stem\regexp.py
200 File Copy: C:\Python27\Lib\site-packages\nltk\stem\rslp.py
200 File Copy: C:\Python27\Lib\site-packages\nltk\stem\snowball.py
200 File Copy: C:\Python27\Lib\site-packages\nltk\stem\util.py
200 File Copy: C:\Python27\Lib\site-packages\nltk\stem\wordnet.py
100 Made Dir: C:\Python27\Lib\site-packages\nltk\tag
200 File Copy: C:\Python27\Lib\site-packages\nltk\tag\__init__.py
200 File Copy: C:\Python27\Lib\site-packages\nltk\tag\api.py
200 File Copy: C:\Python27\Lib\site-packages\nltk\tag\brill.py
200 File Copy: C:\Python27\Lib\site-packages\nltk\tag\brill_trainer.py
200 File Copy: C:\Python27\Lib\site-packages\nltk\tag\crf.py
200 File Copy: C:\Python27\Lib\site-packages\nltk\tag\hmm.py
200 File Copy: C:\Python27\Lib\site-packages\nltk\tag\hunpos.py
200 File Copy: C:\Python27\Lib\site-packages\nltk\tag\mapping.py
200 File Copy: C:\Python27\Lib\site-packages\nltk\tag\perceptron.py
200 File Copy: C:\Python27\Lib\site-packages\nltk\tag\senna.py
200 File Copy: C:\Python27\Lib\site-packages\nltk\tag\sequential.py
200 File Copy: C:\Python27\Lib\site-packages\nltk\tag\stanford.py
200 File Copy: C:\Python27\Lib\site-packages\nltk\tag\tnt.py
200 File Copy: C:\Python27\Lib\site-packages\nltk\tag\util.py
100 Made Dir: C:\Python27\Lib\site-packages\nltk\tbl
200 File Copy: C:\Python27\Lib\site-packages\nltk\tbl\__init__.py
200 File Copy: C:\Python27\Lib\site-packages\nltk\tbl\api.py
200 File Copy: C:\Python27\Lib\site-packages\nltk\tbl\demo.py
200 File Copy: C:\Python27\Lib\site-packages\nltk\tbl\erroranalysis.py
200 File Copy: C:\Python27\Lib\site-packages\nltk\tbl\feature.py
200 File Copy: C:\Python27\Lib\site-packages\nltk\tbl\rule.py
200 File Copy: C:\Python27\Lib\site-packages\nltk\tbl\template.py
100 Made Dir: C:\Python27\Lib\site-packages\nltk\test
200 File Copy: C:\Python27\Lib\site-packages\nltk\test\__init__.py
200 File Copy: C:\Python27\Lib\site-packages\nltk\test\all.py
200 File Copy: C:\Python27\Lib\site-packages\nltk\test\bleu.doctest
200 File Copy: C:\Python27\Lib\site-packages\nltk\test\bnc.doctest
200 File Copy: C:\Python27\Lib\site-packages\nltk\test\ccg.doctest
200 File Copy: C:\Python27\Lib\site-packages\nltk\test\ccg_semantics.doctest
200 File Copy: C:\Python27\Lib\site-packages\nltk\test\chat80.doctest
200 File Copy: C:\Python27\Lib\site-packages\nltk\test\childes.doctest
200 File Copy: C:\Python27\Lib\site-packages\nltk\test\childes_fixt.py
200 File Copy: C:\Python27\Lib\site-packages\nltk\test\chunk.doctest
200 File Copy: C:\Python27\Lib\site-packages\nltk\test\classify.doctest
200 File Copy: C:\Python27\Lib\site-packages\nltk\test\classify_fixt.py
200 File Copy: C:\Python27\Lib\site-packages\nltk\test\collocations.doctest
200 File Copy: C:\Python27\Lib\site-packages\nltk\test\compat.doctest
200 File Copy: C:\Python27\Lib\site-packages\nltk\test\compat_fixt.py
200 File Copy: C:\Python27\Lib\site-packages\nltk\test\corpus.doctest
200 File Copy: C:\Python27\Lib\site-packages\nltk\test\corpus_fixt.py
200 File Copy: C:\Python27\Lib\site-packages\nltk\test\crubadan.doctest
200 File Copy: C:\Python27\Lib\site-packages\nltk\test\data.doctest
200 File Copy: C:\Python27\Lib\site-packages\nltk\test\dependency.doctest
200 File Copy: C:\Python27\Lib\site-packages\nltk\test\discourse.doctest
200 File Copy: C:\Python27\Lib\site-packages\nltk\test\discourse_fixt.py
200 File Copy: C:\Python27\Lib\site-packages\nltk\test\doctest_nose_plugin.py
200 File Copy: C:\Python27\Lib\site-packages\nltk\test\drt.doctest
200 File Copy: C:\Python27\Lib\site-packages\nltk\test\featgram.doctest
200 File Copy: C:\Python27\Lib\site-packages\nltk\test\featstruct.doctest
200 File Copy: C:\Python27\Lib\site-packages\nltk\test\framenet.doctest
200 File Copy: C:\Python27\Lib\site-packages\nltk\test\generate.doctest
200 File Copy: C:\Python27\Lib\site-packages\nltk\test\gensim.doctest
200 File Copy: C:\Python27\Lib\site-packages\nltk\test\gensim_fixt.py
200 File Copy: C:\Python27\Lib\site-packages\nltk\test\gluesemantics.doctest
200 File Copy: C:\Python27\Lib\site-packages\nltk\test\gluesemantics_malt.doctest
200 File Copy: C:\Python27\Lib\site-packages\nltk\test\gluesemantics_malt_fixt.py
200 File Copy: C:\Python27\Lib\site-packages\nltk\test\grammar.doctest
200 File Copy: C:\Python27\Lib\site-packages\nltk\test\grammartestsuites.doctest
200 File Copy: C:\Python27\Lib\site-packages\nltk\test\index.doctest
200 File Copy: C:\Python27\Lib\site-packages\nltk\test\inference.doctest
200 File Copy: C:\Python27\Lib\site-packages\nltk\test\inference_fixt.py
200 File Copy: C:\Python27\Lib\site-packages\nltk\test\internals.doctest
200 File Copy: C:\Python27\Lib\site-packages\nltk\test\japanese.doctest
200 File Copy: C:\Python27\Lib\site-packages\nltk\test\logic.doctest
200 File Copy: C:\Python27\Lib\site-packages\nltk\test\metrics.doctest
200 File Copy: C:\Python27\Lib\site-packages\nltk\test\misc.doctest
200 File Copy: C:\Python27\Lib\site-packages\nltk\test\nonmonotonic.doctest
200 File Copy: C:\Python27\Lib\site-packages\nltk\test\nonmonotonic_fixt.py
200 File Copy: C:\Python27\Lib\site-packages\nltk\test\paice.doctest
200 File Copy: C:\Python27\Lib\site-packages\nltk\test\parse.doctest
200 File Copy: C:\Python27\Lib\site-packages\nltk\test\portuguese_en.doctest
200 File Copy: C:\Python27\Lib\site-packages\nltk\test\portuguese_en_fixt.py
200 File Copy: C:\Python27\Lib\site-packages\nltk\test\probability.doctest
200 File Copy: C:\Python27\Lib\site-packages\nltk\test\probability_fixt.py
200 File Copy: C:\Python27\Lib\site-packages\nltk\test\propbank.doctest
200 File Copy: C:\Python27\Lib\site-packages\nltk\test\relextract.doctest
200 File Copy: C:\Python27\Lib\site-packages\nltk\test\resolution.doctest
200 File Copy: C:\Python27\Lib\site-packages\nltk\test\runtests.py
200 File Copy: C:\Python27\Lib\site-packages\nltk\test\segmentation_fixt.py
200 File Copy: C:\Python27\Lib\site-packages\nltk\test\semantics.doctest
200 File Copy: C:\Python27\Lib\site-packages\nltk\test\semantics_fixt.py
200 File Copy: C:\Python27\Lib\site-packages\nltk\test\sentiment.doctest
200 File Copy: C:\Python27\Lib\site-packages\nltk\test\sentiwordnet.doctest
200 File Copy: C:\Python27\Lib\site-packages\nltk\test\simple.doctest
200 File Copy: C:\Python27\Lib\site-packages\nltk\test\stem.doctest
200 File Copy: C:\Python27\Lib\site-packages\nltk\test\tag.doctest
200 File Copy: C:\Python27\Lib\site-packages\nltk\test\tokenize.doctest
200 File Copy: C:\Python27\Lib\site-packages\nltk\test\toolbox.doctest
200 File Copy: C:\Python27\Lib\site-packages\nltk\test\translate.doctest
200 File Copy: C:\Python27\Lib\site-packages\nltk\test\translate_fixt.py
200 File Copy: C:\Python27\Lib\site-packages\nltk\test\tree.doctest
200 File Copy: C:\Python27\Lib\site-packages\nltk\test\treeprettyprinter.doctest
200 File Copy: C:\Python27\Lib\site-packages\nltk\test\treetransforms.doctest
200 File Copy: C:\Python27\Lib\site-packages\nltk\test\util.doctest
200 File Copy: C:\Python27\Lib\site-packages\nltk\test\wordnet.doctest
200 File Copy: C:\Python27\Lib\site-packages\nltk\test\wordnet_fixt.py
200 File Copy: C:\Python27\Lib\site-packages\nltk\test\wordnet_lch.doctest
200 File Copy: C:\Python27\Lib\site-packages\nltk\test\wsd.doctest
100 Made Dir: C:\Python27\Lib\site-packages\nltk\test\unit
200 File Copy: C:\Python27\Lib\site-packages\nltk\test\unit\__init__.py
200 File Copy: C:\Python27\Lib\site-packages\nltk\test\unit\test_2x_compat.py
200 File Copy: C:\Python27\Lib\site-packages\nltk\test\unit\test_classify.py
200 File Copy: C:\Python27\Lib\site-packages\nltk\test\unit\test_collocations.py
200 File Copy: C:\Python27\Lib\site-packages\nltk\test\unit\test_corpora.py
200 File Copy: C:\Python27\Lib\site-packages\nltk\test\unit\test_corpus_views.py
200 File Copy: C:\Python27\Lib\site-packages\nltk\test\unit\test_hmm.py
200 File Copy: C:\Python27\Lib\site-packages\nltk\test\unit\test_json2csv_corpus.py
200 File Copy: C:\Python27\Lib\site-packages\nltk\test\unit\test_naivebayes.py
200 File Copy: C:\Python27\Lib\site-packages\nltk\test\unit\test_seekable_unicode_stream_reader.py
200 File Copy: C:\Python27\Lib\site-packages\nltk\test\unit\test_stem.py
200 File Copy: C:\Python27\Lib\site-packages\nltk\test\unit\test_tag.py
200 File Copy: C:\Python27\Lib\site-packages\nltk\test\unit\test_tgrep.py
200 File Copy: C:\Python27\Lib\site-packages\nltk\test\unit\test_tokenize.py
200 File Copy: C:\Python27\Lib\site-packages\nltk\test\unit\test_twitter_auth.py
200 File Copy: C:\Python27\Lib\site-packages\nltk\test\unit\utils.py
100 Made Dir: C:\Python27\Lib\site-packages\nltk\test\unit\translate
200 File Copy: C:\Python27\Lib\site-packages\nltk\test\unit\translate\__init__.py
200 File Copy: C:\Python27\Lib\site-packages\nltk\test\unit\translate\test_bleu.py
200 File Copy: C:\Python27\Lib\site-packages\nltk\test\unit\translate\test_ibm1.py
200 File Copy: C:\Python27\Lib\site-packages\nltk\test\unit\translate\test_ibm2.py
200 File Copy: C:\Python27\Lib\site-packages\nltk\test\unit\translate\test_ibm3.py
200 File Copy: C:\Python27\Lib\site-packages\nltk\test\unit\translate\test_ibm4.py
200 File Copy: C:\Python27\Lib\site-packages\nltk\test\unit\translate\test_ibm5.py
200 File Copy: C:\Python27\Lib\site-packages\nltk\test\unit\translate\test_ibm_model.py
200 File Copy: C:\Python27\Lib\site-packages\nltk\test\unit\translate\test_stack_decoder.py
100 Made Dir: C:\Python27\Lib\site-packages\nltk\tokenize
200 File Copy: C:\Python27\Lib\site-packages\nltk\tokenize\__init__.py
200 File Copy: C:\Python27\Lib\site-packages\nltk\tokenize\api.py
200 File Copy: C:\Python27\Lib\site-packages\nltk\tokenize\casual.py
200 File Copy: C:\Python27\Lib\site-packages\nltk\tokenize\mwe.py
200 File Copy: C:\Python27\Lib\site-packages\nltk\tokenize\punkt.py
200 File Copy: C:\Python27\Lib\site-packages\nltk\tokenize\regexp.py
200 File Copy: C:\Python27\Lib\site-packages\nltk\tokenize\sexpr.py
200 File Copy: C:\Python27\Lib\site-packages\nltk\tokenize\simple.py
200 File Copy: C:\Python27\Lib\site-packages\nltk\tokenize\stanford.py
200 File Copy: C:\Python27\Lib\site-packages\nltk\tokenize\stanford_segmenter.py
200 File Copy: C:\Python27\Lib\site-packages\nltk\tokenize\texttiling.py
200 File Copy: C:\Python27\Lib\site-packages\nltk\tokenize\treebank.py
200 File Copy: C:\Python27\Lib\site-packages\nltk\tokenize\util.py
100 Made Dir: C:\Python27\Lib\site-packages\nltk\translate
200 File Copy: C:\Python27\Lib\site-packages\nltk\translate\__init__.py
200 File Copy: C:\Python27\Lib\site-packages\nltk\translate\api.py
200 File Copy: C:\Python27\Lib\site-packages\nltk\translate\bleu_score.py
200 File Copy: C:\Python27\Lib\site-packages\nltk\translate\gale_church.py
200 File Copy: C:\Python27\Lib\site-packages\nltk\translate\gdfa.py
200 File Copy: C:\Python27\Lib\site-packages\nltk\translate\ibm1.py
200 File Copy: C:\Python27\Lib\site-packages\nltk\translate\ibm2.py
200 File Copy: C:\Python27\Lib\site-packages\nltk\translate\ibm3.py
200 File Copy: C:\Python27\Lib\site-packages\nltk\translate\ibm4.py
200 File Copy: C:\Python27\Lib\site-packages\nltk\translate\ibm5.py
200 File Copy: C:\Python27\Lib\site-packages\nltk\translate\ibm_model.py
200 File Copy: C:\Python27\Lib\site-packages\nltk\translate\metrics.py
200 File Copy: C:\Python27\Lib\site-packages\nltk\translate\phrase_based.py
200 File Copy: C:\Python27\Lib\site-packages\nltk\translate\ribes_score.py
200 File Copy: C:\Python27\Lib\site-packages\nltk\translate\stack_decoder.py
100 Made Dir: C:\Python27\Lib\site-packages\nltk\twitter
200 File Copy: C:\Python27\Lib\site-packages\nltk\twitter\__init__.py
200 File Copy: C:\Python27\Lib\site-packages\nltk\twitter\api.py
200 File Copy: C:\Python27\Lib\site-packages\nltk\twitter\common.py
200 File Copy: C:\Python27\Lib\site-packages\nltk\twitter\twitter_demo.py
200 File Copy: C:\Python27\Lib\site-packages\nltk\twitter\twitterclient.py
200 File Copy: C:\Python27\Lib\site-packages\nltk\twitter\util.py
100 Made Dir: C:\Python27\Lib\site-packages\nltk-3.2.1-py3.5.egg-info
200 File Copy: C:\Python27\Lib\site-packages\nltk-3.2.1-py3.5.egg-info\dependency_links.txt
200 File Copy: C:\Python27\Lib\site-packages\nltk-3.2.1-py3.5.egg-info\not-zip-safe
200 File Copy: C:\Python27\Lib\site-packages\nltk-3.2.1-py3.5.egg-info\PKG-INFO
200 File Copy: C:\Python27\Lib\site-packages\nltk-3.2.1-py3.5.egg-info\SOURCES.txt
200 File Copy: C:\Python27\Lib\site-packages\nltk-3.2.1-py3.5.egg-info\top_level.txt
200 File Copy: C:\Python27\Lib\site-packages\nltk\twitter\util.pyc
200 File Copy: C:\Python27\Lib\site-packages\nltk\twitter\twitterclient.pyc
200 File Copy: C:\Python27\Lib\site-packages\nltk\twitter\twitter_demo.pyc
200 File Copy: C:\Python27\Lib\site-packages\nltk\twitter\common.pyc
200 File Copy: C:\Python27\Lib\site-packages\nltk\twitter\api.pyc
200 File Copy: C:\Python27\Lib\site-packages\nltk\twitter\__init__.pyc
200 File Copy: C:\Python27\Lib\site-packages\nltk\translate\stack_decoder.pyc
200 File Copy: C:\Python27\Lib\site-packages\nltk\translate\ribes_score.pyc
200 File Copy: C:\Python27\Lib\site-packages\nltk\translate\phrase_based.pyc
200 File Copy: C:\Python27\Lib\site-packages\nltk\translate\metrics.pyc
200 File Copy: C:\Python27\Lib\site-packages\nltk\translate\ibm_model.pyc
200 File Copy: C:\Python27\Lib\site-packages\nltk\translate\ibm5.pyc
200 File Copy: C:\Python27\Lib\site-packages\nltk\translate\ibm4.pyc
200 File Copy: C:\Python27\Lib\site-packages\nltk\translate\ibm3.pyc
200 File Copy: C:\Python27\Lib\site-packages\nltk\translate\ibm2.pyc
200 File Copy: C:\Python27\Lib\site-packages\nltk\translate\ibm1.pyc
200 File Copy: C:\Python27\Lib\site-packages\nltk\translate\gdfa.pyc
200 File Copy: C:\Python27\Lib\site-packages\nltk\translate\gale_church.pyc
200 File Copy: C:\Python27\Lib\site-packages\nltk\translate\bleu_score.pyc
200 File Copy: C:\Python27\Lib\site-packages\nltk\translate\api.pyc
200 File Copy: C:\Python27\Lib\site-packages\nltk\translate\__init__.pyc
200 File Copy: C:\Python27\Lib\site-packages\nltk\tokenize\util.pyc
200 File Copy: C:\Python27\Lib\site-packages\nltk\tokenize\treebank.pyc
200 File Copy: C:\Python27\Lib\site-packages\nltk\tokenize\texttiling.pyc
200 File Copy: C:\Python27\Lib\site-packages\nltk\tokenize\stanford_segmenter.pyc
200 File Copy: C:\Python27\Lib\site-packages\nltk\tokenize\stanford.pyc
200 File Copy: C:\Python27\Lib\site-packages\nltk\tokenize\simple.pyc
200 File Copy: C:\Python27\Lib\site-packages\nltk\tokenize\sexpr.pyc
200 File Copy: C:\Python27\Lib\site-packages\nltk\tokenize\regexp.pyc
200 File Copy: C:\Python27\Lib\site-packages\nltk\tokenize\punkt.pyc
200 File Copy: C:\Python27\Lib\site-packages\nltk\tokenize\mwe.pyc
200 File Copy: C:\Python27\Lib\site-packages\nltk\tokenize\casual.pyc
200 File Copy: C:\Python27\Lib\site-packages\nltk\tokenize\api.pyc
200 File Copy: C:\Python27\Lib\site-packages\nltk\tokenize\__init__.pyc
200 File Copy: C:\Python27\Lib\site-packages\nltk\test\unit\translate\test_stack_decoder.pyc
200 File Copy: C:\Python27\Lib\site-packages\nltk\test\unit\translate\test_ibm_model.pyc
200 File Copy: C:\Python27\Lib\site-packages\nltk\test\unit\translate\test_ibm5.pyc
200 File Copy: C:\Python27\Lib\site-packages\nltk\test\unit\translate\test_ibm4.pyc
200 File Copy: C:\Python27\Lib\site-packages\nltk\test\unit\translate\test_ibm3.pyc
200 File Copy: C:\Python27\Lib\site-packages\nltk\test\unit\translate\test_ibm2.pyc
200 File Copy: C:\Python27\Lib\site-packages\nltk\test\unit\translate\test_ibm1.pyc
200 File Copy: C:\Python27\Lib\site-packages\nltk\test\unit\translate\test_bleu.pyc
200 File Copy: C:\Python27\Lib\site-packages\nltk\test\unit\translate\__init__.pyc
200 File Copy: C:\Python27\Lib\site-packages\nltk\test\unit\utils.pyc
200 File Copy: C:\Python27\Lib\site-packages\nltk\test\unit\test_twitter_auth.pyc
200 File Copy: C:\Python27\Lib\site-packages\nltk\test\unit\test_tokenize.pyc
200 File Copy: C:\Python27\Lib\site-packages\nltk\test\unit\test_tgrep.pyc
200 File Copy: C:\Python27\Lib\site-packages\nltk\test\unit\test_tag.pyc
200 File Copy: C:\Python27\Lib\site-packages\nltk\test\unit\test_stem.pyc
200 File Copy: C:\Python27\Lib\site-packages\nltk\test\unit\test_seekable_unicode_stream_reader.pyc
200 File Copy: C:\Python27\Lib\site-packages\nltk\test\unit\test_naivebayes.pyc
200 File Copy: C:\Python27\Lib\site-packages\nltk\test\unit\test_json2csv_corpus.pyc
200 File Copy: C:\Python27\Lib\site-packages\nltk\test\unit\test_hmm.pyc
200 File Copy: C:\Python27\Lib\site-packages\nltk\test\unit\test_corpus_views.pyc
200 File Copy: C:\Python27\Lib\site-packages\nltk\test\unit\test_corpora.pyc
200 File Copy: C:\Python27\Lib\site-packages\nltk\test\unit\test_collocations.pyc
200 File Copy: C:\Python27\Lib\site-packages\nltk\test\unit\test_classify.pyc
200 File Copy: C:\Python27\Lib\site-packages\nltk\test\unit\test_2x_compat.pyc
200 File Copy: C:\Python27\Lib\site-packages\nltk\test\unit\__init__.pyc
200 File Copy: C:\Python27\Lib\site-packages\nltk\test\wordnet_fixt.pyc
200 File Copy: C:\Python27\Lib\site-packages\nltk\test\translate_fixt.pyc
200 File Copy: C:\Python27\Lib\site-packages\nltk\test\semantics_fixt.pyc
200 File Copy: C:\Python27\Lib\site-packages\nltk\test\segmentation_fixt.pyc
200 File Copy: C:\Python27\Lib\site-packages\nltk\test\runtests.pyc
200 File Copy: C:\Python27\Lib\site-packages\nltk\test\probability_fixt.pyc
200 File Copy: C:\Python27\Lib\site-packages\nltk\test\portuguese_en_fixt.pyc
200 File Copy: C:\Python27\Lib\site-packages\nltk\test\nonmonotonic_fixt.pyc
200 File Copy: C:\Python27\Lib\site-packages\nltk\test\inference_fixt.pyc
200 File Copy: C:\Python27\Lib\site-packages\nltk\test\gluesemantics_malt_fixt.pyc
200 File Copy: C:\Python27\Lib\site-packages\nltk\test\gensim_fixt.pyc
200 File Copy: C:\Python27\Lib\site-packages\nltk\test\doctest_nose_plugin.pyc
200 File Copy: C:\Python27\Lib\site-packages\nltk\test\discourse_fixt.pyc
200 File Copy: C:\Python27\Lib\site-packages\nltk\test\corpus_fixt.pyc
200 File Copy: C:\Python27\Lib\site-packages\nltk\test\compat_fixt.pyc
200 File Copy: C:\Python27\Lib\site-packages\nltk\test\classify_fixt.pyc
200 File Copy: C:\Python27\Lib\site-packages\nltk\test\childes_fixt.pyc
200 File Copy: C:\Python27\Lib\site-packages\nltk\test\all.pyc
200 File Copy: C:\Python27\Lib\site-packages\nltk\test\__init__.pyc
200 File Copy: C:\Python27\Lib\site-packages\nltk\tbl\template.pyc
200 File Copy: C:\Python27\Lib\site-packages\nltk\tbl\rule.pyc
200 File Copy: C:\Python27\Lib\site-packages\nltk\tbl\feature.pyc
200 File Copy: C:\Python27\Lib\site-packages\nltk\tbl\erroranalysis.pyc
200 File Copy: C:\Python27\Lib\site-packages\nltk\tbl\demo.pyc
200 File Copy: C:\Python27\Lib\site-packages\nltk\tbl\api.pyc
200 File Copy: C:\Python27\Lib\site-packages\nltk\tbl\__init__.pyc
200 File Copy: C:\Python27\Lib\site-packages\nltk\tag\util.pyc
200 File Copy: C:\Python27\Lib\site-packages\nltk\tag\tnt.pyc
200 File Copy: C:\Python27\Lib\site-packages\nltk\tag\stanford.pyc
200 File Copy: C:\Python27\Lib\site-packages\nltk\tag\sequential.pyc
200 File Copy: C:\Python27\Lib\site-packages\nltk\tag\senna.pyc
200 File Copy: C:\Python27\Lib\site-packages\nltk\tag\perceptron.pyc
200 File Copy: C:\Python27\Lib\site-packages\nltk\tag\mapping.pyc
200 File Copy: C:\Python27\Lib\site-packages\nltk\tag\hunpos.pyc
200 File Copy: C:\Python27\Lib\site-packages\nltk\tag\hmm.pyc
200 File Copy: C:\Python27\Lib\site-packages\nltk\tag\crf.pyc
200 File Copy: C:\Python27\Lib\site-packages\nltk\tag\brill_trainer.pyc
200 File Copy: C:\Python27\Lib\site-packages\nltk\tag\brill.pyc
200 File Copy: C:\Python27\Lib\site-packages\nltk\tag\api.pyc
200 File Copy: C:\Python27\Lib\site-packages\nltk\tag\__init__.pyc
200 File Copy: C:\Python27\Lib\site-packages\nltk\stem\wordnet.pyc
200 File Copy: C:\Python27\Lib\site-packages\nltk\stem\util.pyc
200 File Copy: C:\Python27\Lib\site-packages\nltk\stem\snowball.pyc
200 File Copy: C:\Python27\Lib\site-packages\nltk\stem\rslp.pyc
200 File Copy: C:\Python27\Lib\site-packages\nltk\stem\regexp.pyc
200 File Copy: C:\Python27\Lib\site-packages\nltk\stem\porter.pyc
200 File Copy: C:\Python27\Lib\site-packages\nltk\stem\lancaster.pyc
200 File Copy: C:\Python27\Lib\site-packages\nltk\stem\isri.pyc
200 File Copy: C:\Python27\Lib\site-packages\nltk\stem\api.pyc
200 File Copy: C:\Python27\Lib\site-packages\nltk\stem\__init__.pyc
200 File Copy: C:\Python27\Lib\site-packages\nltk\sentiment\vader.pyc
200 File Copy: C:\Python27\Lib\site-packages\nltk\sentiment\util.pyc
200 File Copy: C:\Python27\Lib\site-packages\nltk\sentiment\sentiment_analyzer.pyc
200 File Copy: C:\Python27\Lib\site-packages\nltk\sentiment\__init__.pyc
200 File Copy: C:\Python27\Lib\site-packages\nltk\sem\util.pyc
200 File Copy: C:\Python27\Lib\site-packages\nltk\sem\skolemize.pyc
200 File Copy: C:\Python27\Lib\site-packages\nltk\sem\relextract.pyc
200 File Copy: C:\Python27\Lib\site-packages\nltk\sem\logic.pyc
200 File Copy: C:\Python27\Lib\site-packages\nltk\sem\linearlogic.pyc
200 File Copy: C:\Python27\Lib\site-packages\nltk\sem\lfg.pyc
200 File Copy: C:\Python27\Lib\site-packages\nltk\sem\hole.pyc
200 File Copy: C:\Python27\Lib\site-packages\nltk\sem\glue.pyc
200 File Copy: C:\Python27\Lib\site-packages\nltk\sem\evaluate.pyc
200 File Copy: C:\Python27\Lib\site-packages\nltk\sem\drt_glue_demo.pyc
200 File Copy: C:\Python27\Lib\site-packages\nltk\sem\drt.pyc
200 File Copy: C:\Python27\Lib\site-packages\nltk\sem\cooper_storage.pyc
200 File Copy: C:\Python27\Lib\site-packages\nltk\sem\chat80.pyc
200 File Copy: C:\Python27\Lib\site-packages\nltk\sem\boxer.pyc
200 File Copy: C:\Python27\Lib\site-packages\nltk\sem\__init__.pyc
200 File Copy: C:\Python27\Lib\site-packages\nltk\parse\viterbi.pyc
200 File Copy: C:\Python27\Lib\site-packages\nltk\parse\util.pyc
200 File Copy: C:\Python27\Lib\site-packages\nltk\parse\transitionparser.pyc
200 File Copy: C:\Python27\Lib\site-packages\nltk\parse\stanford.pyc
200 File Copy: C:\Python27\Lib\site-packages\nltk\parse\shiftreduce.pyc
200 File Copy: C:\Python27\Lib\site-packages\nltk\parse\recursivedescent.pyc
200 File Copy: C:\Python27\Lib\site-packages\nltk\parse\projectivedependencyparser.pyc
200 File Copy: C:\Python27\Lib\site-packages\nltk\parse\pchart.pyc
200 File Copy: C:\Python27\Lib\site-packages\nltk\parse\nonprojectivedependencyparser.pyc
200 File Copy: C:\Python27\Lib\site-packages\nltk\parse\malt.pyc
200 File Copy: C:\Python27\Lib\site-packages\nltk\parse\generate.pyc
200 File Copy: C:\Python27\Lib\site-packages\nltk\parse\featurechart.pyc
200 File Copy: C:\Python27\Lib\site-packages\nltk\parse\evaluate.pyc
200 File Copy: C:\Python27\Lib\site-packages\nltk\parse\earleychart.pyc
200 File Copy: C:\Python27\Lib\site-packages\nltk\parse\dependencygraph.pyc
200 File Copy: C:\Python27\Lib\site-packages\nltk\parse\chart.pyc
200 File Copy: C:\Python27\Lib\site-packages\nltk\parse\bllip.pyc
200 File Copy: C:\Python27\Lib\site-packages\nltk\parse\api.pyc
200 File Copy: C:\Python27\Lib\site-packages\nltk\parse\__init__.pyc
200 File Copy: C:\Python27\Lib\site-packages\nltk\misc\wordfinder.pyc
200 File Copy: C:\Python27\Lib\site-packages\nltk\misc\sort.pyc
200 File Copy: C:\Python27\Lib\site-packages\nltk\misc\minimalset.pyc
200 File Copy: C:\Python27\Lib\site-packages\nltk\misc\chomsky.pyc
200 File Copy: C:\Python27\Lib\site-packages\nltk\misc\babelfish.pyc
200 File Copy: C:\Python27\Lib\site-packages\nltk\misc\__init__.pyc
200 File Copy: C:\Python27\Lib\site-packages\nltk\metrics\spearman.pyc
200 File Copy: C:\Python27\Lib\site-packages\nltk\metrics\segmentation.pyc
200 File Copy: C:\Python27\Lib\site-packages\nltk\metrics\scores.pyc
200 File Copy: C:\Python27\Lib\site-packages\nltk\metrics\paice.pyc
200 File Copy: C:\Python27\Lib\site-packages\nltk\metrics\distance.pyc
200 File Copy: C:\Python27\Lib\site-packages\nltk\metrics\confusionmatrix.pyc
200 File Copy: C:\Python27\Lib\site-packages\nltk\metrics\association.pyc
200 File Copy: C:\Python27\Lib\site-packages\nltk\metrics\agreement.pyc
200 File Copy: C:\Python27\Lib\site-packages\nltk\metrics\__init__.pyc
200 File Copy: C:\Python27\Lib\site-packages\nltk\inference\tableau.pyc
200 File Copy: C:\Python27\Lib\site-packages\nltk\inference\resolution.pyc
200 File Copy: C:\Python27\Lib\site-packages\nltk\inference\prover9.pyc
200 File Copy: C:\Python27\Lib\site-packages\nltk\inference\nonmonotonic.pyc
200 File Copy: C:\Python27\Lib\site-packages\nltk\inference\mace.pyc
200 File Copy: C:\Python27\Lib\site-packages\nltk\inference\discourse.pyc
200 File Copy: C:\Python27\Lib\site-packages\nltk\inference\api.pyc
200 File Copy: C:\Python27\Lib\site-packages\nltk\inference\__init__.pyc
200 File Copy: C:\Python27\Lib\site-packages\nltk\draw\util.pyc
200 File Copy: C:\Python27\Lib\site-packages\nltk\draw\tree.pyc
200 File Copy: C:\Python27\Lib\site-packages\nltk\draw\table.pyc
200 File Copy: C:\Python27\Lib\site-packages\nltk\draw\dispersion.pyc
200 File Copy: C:\Python27\Lib\site-packages\nltk\draw\cfg.pyc
200 File Copy: C:\Python27\Lib\site-packages\nltk\draw\__init__.pyc
200 File Copy: C:\Python27\Lib\site-packages\nltk\corpus\reader\ycoe.pyc
200 File Copy: C:\Python27\Lib\site-packages\nltk\corpus\reader\xmldocs.pyc
200 File Copy: C:\Python27\Lib\site-packages\nltk\corpus\reader\wordnet.pyc
200 File Copy: C:\Python27\Lib\site-packages\nltk\corpus\reader\wordlist.pyc
200 File Copy: C:\Python27\Lib\site-packages\nltk\corpus\reader\verbnet.pyc
200 File Copy: C:\Python27\Lib\site-packages\nltk\corpus\reader\util.pyc
200 File Copy: C:\Python27\Lib\site-packages\nltk\corpus\reader\udhr.pyc
200 File Copy: C:\Python27\Lib\site-packages\nltk\corpus\reader\twitter.pyc
200 File Copy: C:\Python27\Lib\site-packages\nltk\corpus\reader\toolbox.pyc
200 File Copy: C:\Python27\Lib\site-packages\nltk\corpus\reader\timit.pyc
200 File Copy: C:\Python27\Lib\site-packages\nltk\corpus\reader\tagged.pyc
200 File Copy: C:\Python27\Lib\site-packages\nltk\corpus\reader\switchboard.pyc
200 File Copy: C:\Python27\Lib\site-packages\nltk\corpus\reader\string_category.pyc
200 File Copy: C:\Python27\Lib\site-packages\nltk\corpus\reader\sinica_treebank.pyc
200 File Copy: C:\Python27\Lib\site-packages\nltk\corpus\reader\sentiwordnet.pyc
200 File Copy: C:\Python27\Lib\site-packages\nltk\corpus\reader\senseval.pyc
200 File Copy: C:\Python27\Lib\site-packages\nltk\corpus\reader\semcor.pyc
200 File Copy: C:\Python27\Lib\site-packages\nltk\corpus\reader\rte.pyc
200 File Copy: C:\Python27\Lib\site-packages\nltk\corpus\reader\reviews.pyc
200 File Copy: C:\Python27\Lib\site-packages\nltk\corpus\reader\pros_cons.pyc
200 File Copy: C:\Python27\Lib\site-packages\nltk\corpus\reader\propbank.pyc
200 File Copy: C:\Python27\Lib\site-packages\nltk\corpus\reader\ppattach.pyc
200 File Copy: C:\Python27\Lib\site-packages\nltk\corpus\reader\plaintext.pyc
200 File Copy: C:\Python27\Lib\site-packages\nltk\corpus\reader\pl196x.pyc
200 File Copy: C:\Python27\Lib\site-packages\nltk\corpus\reader\panlex_lite.pyc
200 File Copy: C:\Python27\Lib\site-packages\nltk\corpus\reader\opinion_lexicon.pyc
200 File Copy: C:\Python27\Lib\site-packages\nltk\corpus\reader\nps_chat.pyc
200 File Copy: C:\Python27\Lib\site-packages\nltk\corpus\reader\nombank.pyc
200 File Copy: C:\Python27\Lib\site-packages\nltk\corpus\reader\nkjp.pyc
200 File Copy: C:\Python27\Lib\site-packages\nltk\corpus\reader\mte.pyc
200 File Copy: C:\Python27\Lib\site-packages\nltk\corpus\reader\lin.pyc
200 File Copy: C:\Python27\Lib\site-packages\nltk\corpus\reader\knbc.pyc
200 File Copy: C:\Python27\Lib\site-packages\nltk\corpus\reader\ipipan.pyc
200 File Copy: C:\Python27\Lib\site-packages\nltk\corpus\reader\indian.pyc
200 File Copy: C:\Python27\Lib\site-packages\nltk\corpus\reader\ieer.pyc
200 File Copy: C:\Python27\Lib\site-packages\nltk\corpus\reader\framenet.pyc
200 File Copy: C:\Python27\Lib\site-packages\nltk\corpus\reader\dependency.pyc
200 File Copy: C:\Python27\Lib\site-packages\nltk\corpus\reader\crubadan.pyc
200 File Copy: C:\Python27\Lib\site-packages\nltk\corpus\reader\conll.pyc
200 File Copy: C:\Python27\Lib\site-packages\nltk\corpus\reader\comparative_sents.pyc
200 File Copy: C:\Python27\Lib\site-packages\nltk\corpus\reader\cmudict.pyc
200 File Copy: C:\Python27\Lib\site-packages\nltk\corpus\reader\chunked.pyc
200 File Copy: C:\Python27\Lib\site-packages\nltk\corpus\reader\childes.pyc
200 File Copy: C:\Python27\Lib\site-packages\nltk\corpus\reader\chasen.pyc
200 File Copy: C:\Python27\Lib\site-packages\nltk\corpus\reader\categorized_sents.pyc
200 File Copy: C:\Python27\Lib\site-packages\nltk\corpus\reader\bracket_parse.pyc
200 File Copy: C:\Python27\Lib\site-packages\nltk\corpus\reader\bnc.pyc
200 File Copy: C:\Python27\Lib\site-packages\nltk\corpus\reader\api.pyc
200 File Copy: C:\Python27\Lib\site-packages\nltk\corpus\reader\aligned.pyc
200 File Copy: C:\Python27\Lib\site-packages\nltk\corpus\reader\__init__.pyc
200 File Copy: C:\Python27\Lib\site-packages\nltk\corpus\util.pyc
200 File Copy: C:\Python27\Lib\site-packages\nltk\corpus\europarl_raw.pyc
200 File Copy: C:\Python27\Lib\site-packages\nltk\corpus\__init__.pyc
200 File Copy: C:\Python27\Lib\site-packages\nltk\cluster\util.pyc
200 File Copy: C:\Python27\Lib\site-packages\nltk\cluster\kmeans.pyc
200 File Copy: C:\Python27\Lib\site-packages\nltk\cluster\gaac.pyc
200 File Copy: C:\Python27\Lib\site-packages\nltk\cluster\em.pyc
200 File Copy: C:\Python27\Lib\site-packages\nltk\cluster\api.pyc
200 File Copy: C:\Python27\Lib\site-packages\nltk\cluster\__init__.pyc
200 File Copy: C:\Python27\Lib\site-packages\nltk\classify\weka.pyc
200 File Copy: C:\Python27\Lib\site-packages\nltk\classify\util.pyc
200 File Copy: C:\Python27\Lib\site-packages\nltk\classify\textcat.pyc
200 File Copy: C:\Python27\Lib\site-packages\nltk\classify\tadm.pyc
200 File Copy: C:\Python27\Lib\site-packages\nltk\classify\svm.pyc
200 File Copy: C:\Python27\Lib\site-packages\nltk\classify\senna.pyc
200 File Copy: C:\Python27\Lib\site-packages\nltk\classify\scikitlearn.pyc
200 File Copy: C:\Python27\Lib\site-packages\nltk\classify\rte_classify.pyc
200 File Copy: C:\Python27\Lib\site-packages\nltk\classify\positivenaivebayes.pyc
200 File Copy: C:\Python27\Lib\site-packages\nltk\classify\naivebayes.pyc
200 File Copy: C:\Python27\Lib\site-packages\nltk\classify\megam.pyc
200 File Copy: C:\Python27\Lib\site-packages\nltk\classify\maxent.pyc
200 File Copy: C:\Python27\Lib\site-packages\nltk\classify\decisiontree.pyc
200 File Copy: C:\Python27\Lib\site-packages\nltk\classify\api.pyc
200 File Copy: C:\Python27\Lib\site-packages\nltk\classify\__init__.pyc
200 File Copy: C:\Python27\Lib\site-packages\nltk\chunk\util.pyc
200 File Copy: C:\Python27\Lib\site-packages\nltk\chunk\regexp.pyc
200 File Copy: C:\Python27\Lib\site-packages\nltk\chunk\named_entity.pyc
200 File Copy: C:\Python27\Lib\site-packages\nltk\chunk\api.pyc
200 File Copy: C:\Python27\Lib\site-packages\nltk\chunk\__init__.pyc
200 File Copy: C:\Python27\Lib\site-packages\nltk\chat\zen.pyc
200 File Copy: C:\Python27\Lib\site-packages\nltk\chat\util.pyc
200 File Copy: C:\Python27\Lib\site-packages\nltk\chat\suntsu.pyc
200 File Copy: C:\Python27\Lib\site-packages\nltk\chat\rude.pyc
200 File Copy: C:\Python27\Lib\site-packages\nltk\chat\iesha.pyc
200 File Copy: C:\Python27\Lib\site-packages\nltk\chat\eliza.pyc
200 File Copy: C:\Python27\Lib\site-packages\nltk\chat\__init__.pyc
200 File Copy: C:\Python27\Lib\site-packages\nltk\ccg\logic.pyc
200 File Copy: C:\Python27\Lib\site-packages\nltk\ccg\lexicon.pyc
200 File Copy: C:\Python27\Lib\site-packages\nltk\ccg\combinator.pyc
200 File Copy: C:\Python27\Lib\site-packages\nltk\ccg\chart.pyc
200 File Copy: C:\Python27\Lib\site-packages\nltk\ccg\api.pyc
200 File Copy: C:\Python27\Lib\site-packages\nltk\ccg\__init__.pyc
200 File Copy: C:\Python27\Lib\site-packages\nltk\app\wordnet_app.pyc
200 File Copy: C:\Python27\Lib\site-packages\nltk\app\wordfreq_app.pyc
200 File Copy: C:\Python27\Lib\site-packages\nltk\app\srparser_app.pyc
200 File Copy: C:\Python27\Lib\site-packages\nltk\app\rdparser_app.pyc
200 File Copy: C:\Python27\Lib\site-packages\nltk\app\nemo_app.pyc
200 File Copy: C:\Python27\Lib\site-packages\nltk\app\concordance_app.pyc
200 File Copy: C:\Python27\Lib\site-packages\nltk\app\collocations_app.pyc
200 File Copy: C:\Python27\Lib\site-packages\nltk\app\chunkparser_app.pyc
200 File Copy: C:\Python27\Lib\site-packages\nltk\app\chartparser_app.pyc
200 File Copy: C:\Python27\Lib\site-packages\nltk\app\__init__.pyc
200 File Copy: C:\Python27\Lib\site-packages\nltk\wsd.pyc
200 File Copy: C:\Python27\Lib\site-packages\nltk\util.pyc
200 File Copy: C:\Python27\Lib\site-packages\nltk\treetransforms.pyc
200 File Copy: C:\Python27\Lib\site-packages\nltk\treeprettyprinter.pyc
200 File Copy: C:\Python27\Lib\site-packages\nltk\tree.pyc
200 File Copy: C:\Python27\Lib\site-packages\nltk\toolbox.pyc
200 File Copy: C:\Python27\Lib\site-packages\nltk\tgrep.pyc
200 File Copy: C:\Python27\Lib\site-packages\nltk\text.pyc
200 File Copy: C:\Python27\Lib\site-packages\nltk\six.pyc
200 File Copy: C:\Python27\Lib\site-packages\nltk\probability.pyc
200 File Copy: C:\Python27\Lib\site-packages\nltk\lazyimport.pyc
200 File Copy: C:\Python27\Lib\site-packages\nltk\jsontags.pyc
200 File Copy: C:\Python27\Lib\site-packages\nltk\internals.pyc
200 File Copy: C:\Python27\Lib\site-packages\nltk\help.pyc
200 File Copy: C:\Python27\Lib\site-packages\nltk\grammar.pyc
200 File Copy: C:\Python27\Lib\site-packages\nltk\featstruct.pyc
200 File Copy: C:\Python27\Lib\site-packages\nltk\downloader.pyc
200 File Copy: C:\Python27\Lib\site-packages\nltk\decorators.pyc
200 File Copy: C:\Python27\Lib\site-packages\nltk\data.pyc
200 File Copy: C:\Python27\Lib\site-packages\nltk\compat.pyc
200 File Copy: C:\Python27\Lib\site-packages\nltk\collocations.pyc
200 File Copy: C:\Python27\Lib\site-packages\nltk\book.pyc
200 File Copy: C:\Python27\Lib\site-packages\nltk\__init__.pyc
200 File Copy: C:\Python27\Lib\site-packages\nltk\twitter\util.pyo
200 File Copy: C:\Python27\Lib\site-packages\nltk\twitter\twitterclient.pyo
200 File Copy: C:\Python27\Lib\site-packages\nltk\twitter\twitter_demo.pyo
200 File Copy: C:\Python27\Lib\site-packages\nltk\twitter\common.pyo
200 File Copy: C:\Python27\Lib\site-packages\nltk\twitter\api.pyo
200 File Copy: C:\Python27\Lib\site-packages\nltk\twitter\__init__.pyo
200 File Copy: C:\Python27\Lib\site-packages\nltk\translate\stack_decoder.pyo
200 File Copy: C:\Python27\Lib\site-packages\nltk\translate\ribes_score.pyo
200 File Copy: C:\Python27\Lib\site-packages\nltk\translate\phrase_based.pyo
200 File Copy: C:\Python27\Lib\site-packages\nltk\translate\metrics.pyo
200 File Copy: C:\Python27\Lib\site-packages\nltk\translate\ibm_model.pyo
200 File Copy: C:\Python27\Lib\site-packages\nltk\translate\ibm5.pyo
200 File Copy: C:\Python27\Lib\site-packages\nltk\translate\ibm4.pyo
200 File Copy: C:\Python27\Lib\site-packages\nltk\translate\ibm3.pyo
200 File Copy: C:\Python27\Lib\site-packages\nltk\translate\ibm2.pyo
200 File Copy: C:\Python27\Lib\site-packages\nltk\translate\ibm1.pyo
200 File Copy: C:\Python27\Lib\site-packages\nltk\translate\gdfa.pyo
200 File Copy: C:\Python27\Lib\site-packages\nltk\translate\gale_church.pyo
200 File Copy: C:\Python27\Lib\site-packages\nltk\translate\bleu_score.pyo
200 File Copy: C:\Python27\Lib\site-packages\nltk\translate\api.pyo
200 File Copy: C:\Python27\Lib\site-packages\nltk\translate\__init__.pyo
200 File Copy: C:\Python27\Lib\site-packages\nltk\tokenize\util.pyo
200 File Copy: C:\Python27\Lib\site-packages\nltk\tokenize\treebank.pyo
200 File Copy: C:\Python27\Lib\site-packages\nltk\tokenize\texttiling.pyo
200 File Copy: C:\Python27\Lib\site-packages\nltk\tokenize\stanford_segmenter.pyo
200 File Copy: C:\Python27\Lib\site-packages\nltk\tokenize\stanford.pyo
200 File Copy: C:\Python27\Lib\site-packages\nltk\tokenize\simple.pyo
200 File Copy: C:\Python27\Lib\site-packages\nltk\tokenize\sexpr.pyo
200 File Copy: C:\Python27\Lib\site-packages\nltk\tokenize\regexp.pyo
200 File Copy: C:\Python27\Lib\site-packages\nltk\tokenize\punkt.pyo
200 File Copy: C:\Python27\Lib\site-packages\nltk\tokenize\mwe.pyo
200 File Copy: C:\Python27\Lib\site-packages\nltk\tokenize\casual.pyo
200 File Copy: C:\Python27\Lib\site-packages\nltk\tokenize\api.pyo
200 File Copy: C:\Python27\Lib\site-packages\nltk\tokenize\__init__.pyo
200 File Copy: C:\Python27\Lib\site-packages\nltk\test\unit\translate\test_stack_decoder.pyo
200 File Copy: C:\Python27\Lib\site-packages\nltk\test\unit\translate\test_ibm_model.pyo
200 File Copy: C:\Python27\Lib\site-packages\nltk\test\unit\translate\test_ibm5.pyo
200 File Copy: C:\Python27\Lib\site-packages\nltk\test\unit\translate\test_ibm4.pyo
200 File Copy: C:\Python27\Lib\site-packages\nltk\test\unit\translate\test_ibm3.pyo
200 File Copy: C:\Python27\Lib\site-packages\nltk\test\unit\translate\test_ibm2.pyo
200 File Copy: C:\Python27\Lib\site-packages\nltk\test\unit\translate\test_ibm1.pyo
200 File Copy: C:\Python27\Lib\site-packages\nltk\test\unit\translate\test_bleu.pyo
200 File Copy: C:\Python27\Lib\site-packages\nltk\test\unit\translate\__init__.pyo
200 File Copy: C:\Python27\Lib\site-packages\nltk\test\unit\utils.pyo
200 File Copy: C:\Python27\Lib\site-packages\nltk\test\unit\test_twitter_auth.pyo
200 File Copy: C:\Python27\Lib\site-packages\nltk\test\unit\test_tokenize.pyo
200 File Copy: C:\Python27\Lib\site-packages\nltk\test\unit\test_tgrep.pyo
200 File Copy: C:\Python27\Lib\site-packages\nltk\test\unit\test_tag.pyo
200 File Copy: C:\Python27\Lib\site-packages\nltk\test\unit\test_stem.pyo
200 File Copy: C:\Python27\Lib\site-packages\nltk\test\unit\test_seekable_unicode_stream_reader.pyo
200 File Copy: C:\Python27\Lib\site-packages\nltk\test\unit\test_naivebayes.pyo
200 File Copy: C:\Python27\Lib\site-packages\nltk\test\unit\test_json2csv_corpus.pyo
200 File Copy: C:\Python27\Lib\site-packages\nltk\test\unit\test_hmm.pyo
200 File Copy: C:\Python27\Lib\site-packages\nltk\test\unit\test_corpus_views.pyo
200 File Copy: C:\Python27\Lib\site-packages\nltk\test\unit\test_corpora.pyo
200 File Copy: C:\Python27\Lib\site-packages\nltk\test\unit\test_collocations.pyo
200 File Copy: C:\Python27\Lib\site-packages\nltk\test\unit\test_classify.pyo
200 File Copy: C:\Python27\Lib\site-packages\nltk\test\unit\test_2x_compat.pyo
200 File Copy: C:\Python27\Lib\site-packages\nltk\test\unit\__init__.pyo
200 File Copy: C:\Python27\Lib\site-packages\nltk\test\wordnet_fixt.pyo
200 File Copy: C:\Python27\Lib\site-packages\nltk\test\translate_fixt.pyo
200 File Copy: C:\Python27\Lib\site-packages\nltk\test\semantics_fixt.pyo
200 File Copy: C:\Python27\Lib\site-packages\nltk\test\segmentation_fixt.pyo
200 File Copy: C:\Python27\Lib\site-packages\nltk\test\runtests.pyo
200 File Copy: C:\Python27\Lib\site-packages\nltk\test\probability_fixt.pyo
200 File Copy: C:\Python27\Lib\site-packages\nltk\test\portuguese_en_fixt.pyo
200 File Copy: C:\Python27\Lib\site-packages\nltk\test\nonmonotonic_fixt.pyo
200 File Copy: C:\Python27\Lib\site-packages\nltk\test\inference_fixt.pyo
200 File Copy: C:\Python27\Lib\site-packages\nltk\test\gluesemantics_malt_fixt.pyo
200 File Copy: C:\Python27\Lib\site-packages\nltk\test\gensim_fixt.pyo
200 File Copy: C:\Python27\Lib\site-packages\nltk\test\doctest_nose_plugin.pyo
200 File Copy: C:\Python27\Lib\site-packages\nltk\test\discourse_fixt.pyo
200 File Copy: C:\Python27\Lib\site-packages\nltk\test\corpus_fixt.pyo
200 File Copy: C:\Python27\Lib\site-packages\nltk\test\compat_fixt.pyo
200 File Copy: C:\Python27\Lib\site-packages\nltk\test\classify_fixt.pyo
200 File Copy: C:\Python27\Lib\site-packages\nltk\test\childes_fixt.pyo
200 File Copy: C:\Python27\Lib\site-packages\nltk\test\all.pyo
200 File Copy: C:\Python27\Lib\site-packages\nltk\test\__init__.pyo
200 File Copy: C:\Python27\Lib\site-packages\nltk\tbl\template.pyo
200 File Copy: C:\Python27\Lib\site-packages\nltk\tbl\rule.pyo
200 File Copy: C:\Python27\Lib\site-packages\nltk\tbl\feature.pyo
200 File Copy: C:\Python27\Lib\site-packages\nltk\tbl\erroranalysis.pyo
200 File Copy: C:\Python27\Lib\site-packages\nltk\tbl\demo.pyo
200 File Copy: C:\Python27\Lib\site-packages\nltk\tbl\api.pyo
200 File Copy: C:\Python27\Lib\site-packages\nltk\tbl\__init__.pyo
200 File Copy: C:\Python27\Lib\site-packages\nltk\tag\util.pyo
200 File Copy: C:\Python27\Lib\site-packages\nltk\tag\tnt.pyo
200 File Copy: C:\Python27\Lib\site-packages\nltk\tag\stanford.pyo
200 File Copy: C:\Python27\Lib\site-packages\nltk\tag\sequential.pyo
200 File Copy: C:\Python27\Lib\site-packages\nltk\tag\senna.pyo
200 File Copy: C:\Python27\Lib\site-packages\nltk\tag\perceptron.pyo
200 File Copy: C:\Python27\Lib\site-packages\nltk\tag\mapping.pyo
200 File Copy: C:\Python27\Lib\site-packages\nltk\tag\hunpos.pyo
200 File Copy: C:\Python27\Lib\site-packages\nltk\tag\hmm.pyo
200 File Copy: C:\Python27\Lib\site-packages\nltk\tag\crf.pyo
200 File Copy: C:\Python27\Lib\site-packages\nltk\tag\brill_trainer.pyo
200 File Copy: C:\Python27\Lib\site-packages\nltk\tag\brill.pyo
200 File Copy: C:\Python27\Lib\site-packages\nltk\tag\api.pyo
200 File Copy: C:\Python27\Lib\site-packages\nltk\tag\__init__.pyo
200 File Copy: C:\Python27\Lib\site-packages\nltk\stem\wordnet.pyo
200 File Copy: C:\Python27\Lib\site-packages\nltk\stem\util.pyo
200 File Copy: C:\Python27\Lib\site-packages\nltk\stem\snowball.pyo
200 File Copy: C:\Python27\Lib\site-packages\nltk\stem\rslp.pyo
200 File Copy: C:\Python27\Lib\site-packages\nltk\stem\regexp.pyo
200 File Copy: C:\Python27\Lib\site-packages\nltk\stem\porter.pyo
200 File Copy: C:\Python27\Lib\site-packages\nltk\stem\lancaster.pyo
200 File Copy: C:\Python27\Lib\site-packages\nltk\stem\isri.pyo
200 File Copy: C:\Python27\Lib\site-packages\nltk\stem\api.pyo
200 File Copy: C:\Python27\Lib\site-packages\nltk\stem\__init__.pyo
200 File Copy: C:\Python27\Lib\site-packages\nltk\sentiment\vader.pyo
200 File Copy: C:\Python27\Lib\site-packages\nltk\sentiment\util.pyo
200 File Copy: C:\Python27\Lib\site-packages\nltk\sentiment\sentiment_analyzer.pyo
200 File Copy: C:\Python27\Lib\site-packages\nltk\sentiment\__init__.pyo
200 File Copy: C:\Python27\Lib\site-packages\nltk\sem\util.pyo
200 File Copy: C:\Python27\Lib\site-packages\nltk\sem\skolemize.pyo
200 File Copy: C:\Python27\Lib\site-packages\nltk\sem\relextract.pyo
200 File Copy: C:\Python27\Lib\site-packages\nltk\sem\logic.pyo
200 File Copy: C:\Python27\Lib\site-packages\nltk\sem\linearlogic.pyo
200 File Copy: C:\Python27\Lib\site-packages\nltk\sem\lfg.pyo
200 File Copy: C:\Python27\Lib\site-packages\nltk\sem\hole.pyo
200 File Copy: C:\Python27\Lib\site-packages\nltk\sem\glue.pyo
200 File Copy: C:\Python27\Lib\site-packages\nltk\sem\evaluate.pyo
200 File Copy: C:\Python27\Lib\site-packages\nltk\sem\drt_glue_demo.pyo
200 File Copy: C:\Python27\Lib\site-packages\nltk\sem\drt.pyo
200 File Copy: C:\Python27\Lib\site-packages\nltk\sem\cooper_storage.pyo
200 File Copy: C:\Python27\Lib\site-packages\nltk\sem\chat80.pyo
200 File Copy: C:\Python27\Lib\site-packages\nltk\sem\boxer.pyo
200 File Copy: C:\Python27\Lib\site-packages\nltk\sem\__init__.pyo
200 File Copy: C:\Python27\Lib\site-packages\nltk\parse\viterbi.pyo
200 File Copy: C:\Python27\Lib\site-packages\nltk\parse\util.pyo
200 File Copy: C:\Python27\Lib\site-packages\nltk\parse\transitionparser.pyo
200 File Copy: C:\Python27\Lib\site-packages\nltk\parse\stanford.pyo
200 File Copy: C:\Python27\Lib\site-packages\nltk\parse\shiftreduce.pyo
200 File Copy: C:\Python27\Lib\site-packages\nltk\parse\recursivedescent.pyo
200 File Copy: C:\Python27\Lib\site-packages\nltk\parse\projectivedependencyparser.pyo
200 File Copy: C:\Python27\Lib\site-packages\nltk\parse\pchart.pyo
200 File Copy: C:\Python27\Lib\site-packages\nltk\parse\nonprojectivedependencyparser.pyo
200 File Copy: C:\Python27\Lib\site-packages\nltk\parse\malt.pyo
200 File Copy: C:\Python27\Lib\site-packages\nltk\parse\generate.pyo
200 File Copy: C:\Python27\Lib\site-packages\nltk\parse\featurechart.pyo
200 File Copy: C:\Python27\Lib\site-packages\nltk\parse\evaluate.pyo
200 File Copy: C:\Python27\Lib\site-packages\nltk\parse\earleychart.pyo
200 File Copy: C:\Python27\Lib\site-packages\nltk\parse\dependencygraph.pyo
200 File Copy: C:\Python27\Lib\site-packages\nltk\parse\chart.pyo
200 File Copy: C:\Python27\Lib\site-packages\nltk\parse\bllip.pyo
200 File Copy: C:\Python27\Lib\site-packages\nltk\parse\api.pyo
200 File Copy: C:\Python27\Lib\site-packages\nltk\parse\__init__.pyo
200 File Copy: C:\Python27\Lib\site-packages\nltk\misc\wordfinder.pyo
200 File Copy: C:\Python27\Lib\site-packages\nltk\misc\sort.pyo
200 File Copy: C:\Python27\Lib\site-packages\nltk\misc\minimalset.pyo
200 File Copy: C:\Python27\Lib\site-packages\nltk\misc\chomsky.pyo
200 File Copy: C:\Python27\Lib\site-packages\nltk\misc\babelfish.pyo
200 File Copy: C:\Python27\Lib\site-packages\nltk\misc\__init__.pyo
200 File Copy: C:\Python27\Lib\site-packages\nltk\metrics\spearman.pyo
200 File Copy: C:\Python27\Lib\site-packages\nltk\metrics\segmentation.pyo
200 File Copy: C:\Python27\Lib\site-packages\nltk\metrics\scores.pyo
200 File Copy: C:\Python27\Lib\site-packages\nltk\metrics\paice.pyo
200 File Copy: C:\Python27\Lib\site-packages\nltk\metrics\distance.pyo
200 File Copy: C:\Python27\Lib\site-packages\nltk\metrics\confusionmatrix.pyo
200 File Copy: C:\Python27\Lib\site-packages\nltk\metrics\association.pyo
200 File Copy: C:\Python27\Lib\site-packages\nltk\metrics\agreement.pyo
200 File Copy: C:\Python27\Lib\site-packages\nltk\metrics\__init__.pyo
200 File Copy: C:\Python27\Lib\site-packages\nltk\inference\tableau.pyo
200 File Copy: C:\Python27\Lib\site-packages\nltk\inference\resolution.pyo
200 File Copy: C:\Python27\Lib\site-packages\nltk\inference\prover9.pyo
200 File Copy: C:\Python27\Lib\site-packages\nltk\inference\nonmonotonic.pyo
200 File Copy: C:\Python27\Lib\site-packages\nltk\inference\mace.pyo
200 File Copy: C:\Python27\Lib\site-packages\nltk\inference\discourse.pyo
200 File Copy: C:\Python27\Lib\site-packages\nltk\inference\api.pyo
200 File Copy: C:\Python27\Lib\site-packages\nltk\inference\__init__.pyo
200 File Copy: C:\Python27\Lib\site-packages\nltk\draw\util.pyo
200 File Copy: C:\Python27\Lib\site-packages\nltk\draw\tree.pyo
200 File Copy: C:\Python27\Lib\site-packages\nltk\draw\table.pyo
200 File Copy: C:\Python27\Lib\site-packages\nltk\draw\dispersion.pyo
200 File Copy: C:\Python27\Lib\site-packages\nltk\draw\cfg.pyo
200 File Copy: C:\Python27\Lib\site-packages\nltk\draw\__init__.pyo
200 File Copy: C:\Python27\Lib\site-packages\nltk\corpus\reader\ycoe.pyo
200 File Copy: C:\Python27\Lib\site-packages\nltk\corpus\reader\xmldocs.pyo
200 File Copy: C:\Python27\Lib\site-packages\nltk\corpus\reader\wordnet.pyo
200 File Copy: C:\Python27\Lib\site-packages\nltk\corpus\reader\wordlist.pyo
200 File Copy: C:\Python27\Lib\site-packages\nltk\corpus\reader\verbnet.pyo
200 File Copy: C:\Python27\Lib\site-packages\nltk\corpus\reader\util.pyo
200 File Copy: C:\Python27\Lib\site-packages\nltk\corpus\reader\udhr.pyo
200 File Copy: C:\Python27\Lib\site-packages\nltk\corpus\reader\twitter.pyo
200 File Copy: C:\Python27\Lib\site-packages\nltk\corpus\reader\toolbox.pyo
200 File Copy: C:\Python27\Lib\site-packages\nltk\corpus\reader\timit.pyo
200 File Copy: C:\Python27\Lib\site-packages\nltk\corpus\reader\tagged.pyo
200 File Copy: C:\Python27\Lib\site-packages\nltk\corpus\reader\switchboard.pyo
200 File Copy: C:\Python27\Lib\site-packages\nltk\corpus\reader\string_category.pyo
200 File Copy: C:\Python27\Lib\site-packages\nltk\corpus\reader\sinica_treebank.pyo
200 File Copy: C:\Python27\Lib\site-packages\nltk\corpus\reader\sentiwordnet.pyo
200 File Copy: C:\Python27\Lib\site-packages\nltk\corpus\reader\senseval.pyo
200 File Copy: C:\Python27\Lib\site-packages\nltk\corpus\reader\semcor.pyo
200 File Copy: C:\Python27\Lib\site-packages\nltk\corpus\reader\rte.pyo
200 File Copy: C:\Python27\Lib\site-packages\nltk\corpus\reader\reviews.pyo
200 File Copy: C:\Python27\Lib\site-packages\nltk\corpus\reader\pros_cons.pyo
200 File Copy: C:\Python27\Lib\site-packages\nltk\corpus\reader\propbank.pyo
200 File Copy: C:\Python27\Lib\site-packages\nltk\corpus\reader\ppattach.pyo
200 File Copy: C:\Python27\Lib\site-packages\nltk\corpus\reader\plaintext.pyo
200 File Copy: C:\Python27\Lib\site-packages\nltk\corpus\reader\pl196x.pyo
200 File Copy: C:\Python27\Lib\site-packages\nltk\corpus\reader\panlex_lite.pyo
200 File Copy: C:\Python27\Lib\site-packages\nltk\corpus\reader\opinion_lexicon.pyo
200 File Copy: C:\Python27\Lib\site-packages\nltk\corpus\reader\nps_chat.pyo
200 File Copy: C:\Python27\Lib\site-packages\nltk\corpus\reader\nombank.pyo
200 File Copy: C:\Python27\Lib\site-packages\nltk\corpus\reader\nkjp.pyo
200 File Copy: C:\Python27\Lib\site-packages\nltk\corpus\reader\mte.pyo
200 File Copy: C:\Python27\Lib\site-packages\nltk\corpus\reader\lin.pyo
200 File Copy: C:\Python27\Lib\site-packages\nltk\corpus\reader\knbc.pyo
200 File Copy: C:\Python27\Lib\site-packages\nltk\corpus\reader\ipipan.pyo
200 File Copy: C:\Python27\Lib\site-packages\nltk\corpus\reader\indian.pyo
200 File Copy: C:\Python27\Lib\site-packages\nltk\corpus\reader\ieer.pyo
200 File Copy: C:\Python27\Lib\site-packages\nltk\corpus\reader\framenet.pyo
200 File Copy: C:\Python27\Lib\site-packages\nltk\corpus\reader\dependency.pyo
200 File Copy: C:\Python27\Lib\site-packages\nltk\corpus\reader\crubadan.pyo
200 File Copy: C:\Python27\Lib\site-packages\nltk\corpus\reader\conll.pyo
200 File Copy: C:\Python27\Lib\site-packages\nltk\corpus\reader\comparative_sents.pyo
200 File Copy: C:\Python27\Lib\site-packages\nltk\corpus\reader\cmudict.pyo
200 File Copy: C:\Python27\Lib\site-packages\nltk\corpus\reader\chunked.pyo
200 File Copy: C:\Python27\Lib\site-packages\nltk\corpus\reader\childes.pyo
200 File Copy: C:\Python27\Lib\site-packages\nltk\corpus\reader\chasen.pyo
200 File Copy: C:\Python27\Lib\site-packages\nltk\corpus\reader\categorized_sents.pyo
200 File Copy: C:\Python27\Lib\site-packages\nltk\corpus\reader\bracket_parse.pyo
200 File Copy: C:\Python27\Lib\site-packages\nltk\corpus\reader\bnc.pyo
200 File Copy: C:\Python27\Lib\site-packages\nltk\corpus\reader\api.pyo
200 File Copy: C:\Python27\Lib\site-packages\nltk\corpus\reader\aligned.pyo
200 File Copy: C:\Python27\Lib\site-packages\nltk\corpus\reader\__init__.pyo
200 File Copy: C:\Python27\Lib\site-packages\nltk\corpus\util.pyo
200 File Copy: C:\Python27\Lib\site-packages\nltk\corpus\europarl_raw.pyo
200 File Copy: C:\Python27\Lib\site-packages\nltk\corpus\__init__.pyo
200 File Copy: C:\Python27\Lib\site-packages\nltk\cluster\util.pyo
200 File Copy: C:\Python27\Lib\site-packages\nltk\cluster\kmeans.pyo
200 File Copy: C:\Python27\Lib\site-packages\nltk\cluster\gaac.pyo
200 File Copy: C:\Python27\Lib\site-packages\nltk\cluster\em.pyo
200 File Copy: C:\Python27\Lib\site-packages\nltk\cluster\api.pyo
200 File Copy: C:\Python27\Lib\site-packages\nltk\cluster\__init__.pyo
200 File Copy: C:\Python27\Lib\site-packages\nltk\classify\weka.pyo
200 File Copy: C:\Python27\Lib\site-packages\nltk\classify\util.pyo
200 File Copy: C:\Python27\Lib\site-packages\nltk\classify\textcat.pyo
200 File Copy: C:\Python27\Lib\site-packages\nltk\classify\tadm.pyo
200 File Copy: C:\Python27\Lib\site-packages\nltk\classify\svm.pyo
200 File Copy: C:\Python27\Lib\site-packages\nltk\classify\senna.pyo
200 File Copy: C:\Python27\Lib\site-packages\nltk\classify\scikitlearn.pyo
200 File Copy: C:\Python27\Lib\site-packages\nltk\classify\rte_classify.pyo
200 File Copy: C:\Python27\Lib\site-packages\nltk\classify\positivenaivebayes.pyo
200 File Copy: C:\Python27\Lib\site-packages\nltk\classify\naivebayes.pyo
200 File Copy: C:\Python27\Lib\site-packages\nltk\classify\megam.pyo
200 File Copy: C:\Python27\Lib\site-packages\nltk\classify\maxent.pyo
200 File Copy: C:\Python27\Lib\site-packages\nltk\classify\decisiontree.pyo
200 File Copy: C:\Python27\Lib\site-packages\nltk\classify\api.pyo
200 File Copy: C:\Python27\Lib\site-packages\nltk\classify\__init__.pyo
200 File Copy: C:\Python27\Lib\site-packages\nltk\chunk\util.pyo
200 File Copy: C:\Python27\Lib\site-packages\nltk\chunk\regexp.pyo
200 File Copy: C:\Python27\Lib\site-packages\nltk\chunk\named_entity.pyo
200 File Copy: C:\Python27\Lib\site-packages\nltk\chunk\api.pyo
200 File Copy: C:\Python27\Lib\site-packages\nltk\chunk\__init__.pyo
200 File Copy: C:\Python27\Lib\site-packages\nltk\chat\zen.pyo
200 File Copy: C:\Python27\Lib\site-packages\nltk\chat\util.pyo
200 File Copy: C:\Python27\Lib\site-packages\nltk\chat\suntsu.pyo
200 File Copy: C:\Python27\Lib\site-packages\nltk\chat\rude.pyo
200 File Copy: C:\Python27\Lib\site-packages\nltk\chat\iesha.pyo
200 File Copy: C:\Python27\Lib\site-packages\nltk\chat\eliza.pyo
200 File Copy: C:\Python27\Lib\site-packages\nltk\chat\__init__.pyo
200 File Copy: C:\Python27\Lib\site-packages\nltk\ccg\logic.pyo
200 File Copy: C:\Python27\Lib\site-packages\nltk\ccg\lexicon.pyo
200 File Copy: C:\Python27\Lib\site-packages\nltk\ccg\combinator.pyo
200 File Copy: C:\Python27\Lib\site-packages\nltk\ccg\chart.pyo
200 File Copy: C:\Python27\Lib\site-packages\nltk\ccg\api.pyo
200 File Copy: C:\Python27\Lib\site-packages\nltk\ccg\__init__.pyo
200 File Copy: C:\Python27\Lib\site-packages\nltk\app\wordnet_app.pyo
200 File Copy: C:\Python27\Lib\site-packages\nltk\app\wordfreq_app.pyo
200 File Copy: C:\Python27\Lib\site-packages\nltk\app\srparser_app.pyo
200 File Copy: C:\Python27\Lib\site-packages\nltk\app\rdparser_app.pyo
200 File Copy: C:\Python27\Lib\site-packages\nltk\app\nemo_app.pyo
200 File Copy: C:\Python27\Lib\site-packages\nltk\app\concordance_app.pyo
200 File Copy: C:\Python27\Lib\site-packages\nltk\app\collocations_app.pyo
200 File Copy: C:\Python27\Lib\site-packages\nltk\app\chunkparser_app.pyo
200 File Copy: C:\Python27\Lib\site-packages\nltk\app\chartparser_app.pyo
200 File Copy: C:\Python27\Lib\site-packages\nltk\app\__init__.pyo
200 File Copy: C:\Python27\Lib\site-packages\nltk\wsd.pyo
200 File Copy: C:\Python27\Lib\site-packages\nltk\util.pyo
200 File Copy: C:\Python27\Lib\site-packages\nltk\treetransforms.pyo
200 File Copy: C:\Python27\Lib\site-packages\nltk\treeprettyprinter.pyo
200 File Copy: C:\Python27\Lib\site-packages\nltk\tree.pyo
200 File Copy: C:\Python27\Lib\site-packages\nltk\toolbox.pyo
200 File Copy: C:\Python27\Lib\site-packages\nltk\tgrep.pyo
200 File Copy: C:\Python27\Lib\site-packages\nltk\text.pyo
200 File Copy: C:\Python27\Lib\site-packages\nltk\six.pyo
200 File Copy: C:\Python27\Lib\site-packages\nltk\probability.pyo
200 File Copy: C:\Python27\Lib\site-packages\nltk\lazyimport.pyo
200 File Copy: C:\Python27\Lib\site-packages\nltk\jsontags.pyo
200 File Copy: C:\Python27\Lib\site-packages\nltk\internals.pyo
200 File Copy: C:\Python27\Lib\site-packages\nltk\help.pyo
200 File Copy: C:\Python27\Lib\site-packages\nltk\grammar.pyo
200 File Copy: C:\Python27\Lib\site-packages\nltk\featstruct.pyo
200 File Copy: C:\Python27\Lib\site-packages\nltk\downloader.pyo
200 File Copy: C:\Python27\Lib\site-packages\nltk\decorators.pyo
200 File Copy: C:\Python27\Lib\site-packages\nltk\data.pyo
200 File Copy: C:\Python27\Lib\site-packages\nltk\compat.pyo
200 File Copy: C:\Python27\Lib\site-packages\nltk\collocations.pyo
200 File Copy: C:\Python27\Lib\site-packages\nltk\book.pyo
200 File Copy: C:\Python27\Lib\site-packages\nltk\__init__.pyo
